<?xml version="1.0" encoding="UTF-8"?>
<!-- Generated by org.testng.reporters.JUnitReportReporter -->
<testsuite skipped="0" hostname="LMKOLPC188" name="com.MHE.Test.MHETest" tests="17" failures="0" timestamp="02 Jan 2019 12:57:33 GMT" time="8.339" errors="0">
  <testcase name="TestCase009" time="0.064" classname="com.MHE.Test.MHETest"/>
  <testcase name="TestCase013" time="0.139" classname="com.MHE.Test.MHETest"/>
  <testcase name="TestCase014" time="0.506" classname="com.MHE.Test.MHETest"/>
  <testcase name="TestCase001" time="1.156" classname="com.MHE.Test.MHETest"/>
  <testcase name="TestCase003" time="0.430" classname="com.MHE.Test.MHETest"/>
  <testcase name="TestCase008" time="0.192" classname="com.MHE.Test.MHETest"/>
  <testcase name="TestCase016" time="0.211" classname="com.MHE.Test.MHETest"/>
  <testcase name="TestCase002" time="2.688" classname="com.MHE.Test.MHETest"/>
  <testcase name="TestCase004" time="0.083" classname="com.MHE.Test.MHETest"/>
  <testcase name="TestCase017" time="1.205" classname="com.MHE.Test.MHETest"/>
  <testcase name="TestCase012" time="0.195" classname="com.MHE.Test.MHETest"/>
  <testcase name="TestCase015" time="0.381" classname="com.MHE.Test.MHETest"/>
  <testcase name="TestCase011" time="0.148" classname="com.MHE.Test.MHETest"/>
  <testcase name="TestCase006" time="0.034" classname="com.MHE.Test.MHETest"/>
  <testcase name="TestCase010" time="0.544" classname="com.MHE.Test.MHETest"/>
  <testcase name="TestCase005" time="0.326" classname="com.MHE.Test.MHETest"/>
  <testcase name="TestCase007" time="0.037" classname="com.MHE.Test.MHETest"/>
</testsuite> <!-- com.MHE.Test.MHETest -->
